mode: set
gitlab.eng.vmware.com/core-build/uhana_piran/controllers/localpv_controller.go:65.78,72.16 5 0
gitlab.eng.vmware.com/core-build/uhana_piran/controllers/localpv_controller.go:81.2,81.43 1 0
gitlab.eng.vmware.com/core-build/uhana_piran/controllers/localpv_controller.go:85.2,85.66 1 0
gitlab.eng.vmware.com/core-build/uhana_piran/controllers/localpv_controller.go:93.2,93.45 1 0
gitlab.eng.vmware.com/core-build/uhana_piran/controllers/localpv_controller.go:72.16,73.29 1 0
gitlab.eng.vmware.com/core-build/uhana_piran/controllers/localpv_controller.go:73.29,78.4 2 0
gitlab.eng.vmware.com/core-build/uhana_piran/controllers/localpv_controller.go:81.43,84.3 1 0
gitlab.eng.vmware.com/core-build/uhana_piran/controllers/localpv_controller.go:85.66,88.17 2 0
gitlab.eng.vmware.com/core-build/uhana_piran/controllers/localpv_controller.go:88.17,91.4 2 0
gitlab.eng.vmware.com/core-build/uhana_piran/controllers/localpv_controller.go:96.126,100.16 3 0
gitlab.eng.vmware.com/core-build/uhana_piran/controllers/localpv_controller.go:103.2,103.57 1 0
gitlab.eng.vmware.com/core-build/uhana_piran/controllers/localpv_controller.go:108.2,110.38 3 0
gitlab.eng.vmware.com/core-build/uhana_piran/controllers/localpv_controller.go:122.2,122.52 1 0
gitlab.eng.vmware.com/core-build/uhana_piran/controllers/localpv_controller.go:140.2,141.16 2 0
gitlab.eng.vmware.com/core-build/uhana_piran/controllers/localpv_controller.go:144.2,145.16 2 0
gitlab.eng.vmware.com/core-build/uhana_piran/controllers/localpv_controller.go:148.2,148.27 1 0
gitlab.eng.vmware.com/core-build/uhana_piran/controllers/localpv_controller.go:100.16,102.3 1 0
gitlab.eng.vmware.com/core-build/uhana_piran/controllers/localpv_controller.go:103.57,107.3 3 0
gitlab.eng.vmware.com/core-build/uhana_piran/controllers/localpv_controller.go:110.38,112.41 1 0
gitlab.eng.vmware.com/core-build/uhana_piran/controllers/localpv_controller.go:112.41,113.29 1 0
gitlab.eng.vmware.com/core-build/uhana_piran/controllers/localpv_controller.go:113.29,116.5 1 0
gitlab.eng.vmware.com/core-build/uhana_piran/controllers/localpv_controller.go:116.10,119.5 1 0
gitlab.eng.vmware.com/core-build/uhana_piran/controllers/localpv_controller.go:122.52,129.52 4 0
gitlab.eng.vmware.com/core-build/uhana_piran/controllers/localpv_controller.go:129.52,135.18 5 0
gitlab.eng.vmware.com/core-build/uhana_piran/controllers/localpv_controller.go:135.18,137.5 1 0
gitlab.eng.vmware.com/core-build/uhana_piran/controllers/localpv_controller.go:141.16,143.3 1 0
gitlab.eng.vmware.com/core-build/uhana_piran/controllers/localpv_controller.go:145.16,147.3 1 0
gitlab.eng.vmware.com/core-build/uhana_piran/controllers/localpv_controller.go:151.126,154.16 3 0
gitlab.eng.vmware.com/core-build/uhana_piran/controllers/localpv_controller.go:158.2,159.16 2 0
gitlab.eng.vmware.com/core-build/uhana_piran/controllers/localpv_controller.go:163.2,163.27 1 0
gitlab.eng.vmware.com/core-build/uhana_piran/controllers/localpv_controller.go:154.16,156.3 1 0
gitlab.eng.vmware.com/core-build/uhana_piran/controllers/localpv_controller.go:159.16,162.3 2 0
gitlab.eng.vmware.com/core-build/uhana_piran/controllers/localpv_controller.go:166.106,175.34 6 0
gitlab.eng.vmware.com/core-build/uhana_piran/controllers/localpv_controller.go:199.2,201.16 3 0
gitlab.eng.vmware.com/core-build/uhana_piran/controllers/localpv_controller.go:205.2,206.16 2 0
gitlab.eng.vmware.com/core-build/uhana_piran/controllers/localpv_controller.go:209.2,209.12 1 0
gitlab.eng.vmware.com/core-build/uhana_piran/controllers/localpv_controller.go:175.34,177.24 2 0
gitlab.eng.vmware.com/core-build/uhana_piran/controllers/localpv_controller.go:181.3,182.17 2 0
gitlab.eng.vmware.com/core-build/uhana_piran/controllers/localpv_controller.go:185.3,187.17 3 0
gitlab.eng.vmware.com/core-build/uhana_piran/controllers/localpv_controller.go:191.3,193.17 3 0
gitlab.eng.vmware.com/core-build/uhana_piran/controllers/localpv_controller.go:177.24,179.12 2 0
gitlab.eng.vmware.com/core-build/uhana_piran/controllers/localpv_controller.go:182.17,184.4 1 0
gitlab.eng.vmware.com/core-build/uhana_piran/controllers/localpv_controller.go:187.17,190.4 2 0
gitlab.eng.vmware.com/core-build/uhana_piran/controllers/localpv_controller.go:193.17,196.4 2 0
gitlab.eng.vmware.com/core-build/uhana_piran/controllers/localpv_controller.go:201.16,203.3 1 0
gitlab.eng.vmware.com/core-build/uhana_piran/controllers/localpv_controller.go:206.16,208.3 1 0
gitlab.eng.vmware.com/core-build/uhana_piran/controllers/localpv_controller.go:212.107,215.16 3 0
gitlab.eng.vmware.com/core-build/uhana_piran/controllers/localpv_controller.go:218.2,218.38 1 0
gitlab.eng.vmware.com/core-build/uhana_piran/controllers/localpv_controller.go:227.2,227.12 1 0
gitlab.eng.vmware.com/core-build/uhana_piran/controllers/localpv_controller.go:215.16,217.3 1 0
gitlab.eng.vmware.com/core-build/uhana_piran/controllers/localpv_controller.go:218.38,219.45 1 0
gitlab.eng.vmware.com/core-build/uhana_piran/controllers/localpv_controller.go:219.45,222.18 3 0
gitlab.eng.vmware.com/core-build/uhana_piran/controllers/localpv_controller.go:222.18,224.5 1 0
gitlab.eng.vmware.com/core-build/uhana_piran/controllers/localpv_controller.go:230.114,231.53 1 0
gitlab.eng.vmware.com/core-build/uhana_piran/controllers/localpv_controller.go:278.2,278.12 1 0
gitlab.eng.vmware.com/core-build/uhana_piran/controllers/localpv_controller.go:231.53,272.49 6 0
gitlab.eng.vmware.com/core-build/uhana_piran/controllers/localpv_controller.go:272.49,276.4 1 0
gitlab.eng.vmware.com/core-build/uhana_piran/controllers/localpv_controller.go:281.120,284.53 3 0
gitlab.eng.vmware.com/core-build/uhana_piran/controllers/localpv_controller.go:336.2,337.16 2 0
gitlab.eng.vmware.com/core-build/uhana_piran/controllers/localpv_controller.go:340.2,340.12 1 0
gitlab.eng.vmware.com/core-build/uhana_piran/controllers/localpv_controller.go:284.53,289.23 5 0
gitlab.eng.vmware.com/core-build/uhana_piran/controllers/localpv_controller.go:294.3,331.49 5 0
gitlab.eng.vmware.com/core-build/uhana_piran/controllers/localpv_controller.go:334.3,334.28 1 0
gitlab.eng.vmware.com/core-build/uhana_piran/controllers/localpv_controller.go:289.23,291.4 1 0
gitlab.eng.vmware.com/core-build/uhana_piran/controllers/localpv_controller.go:291.9,293.4 1 0
gitlab.eng.vmware.com/core-build/uhana_piran/controllers/localpv_controller.go:331.49,333.4 1 0
gitlab.eng.vmware.com/core-build/uhana_piran/controllers/localpv_controller.go:337.16,339.3 1 0
gitlab.eng.vmware.com/core-build/uhana_piran/controllers/localpv_controller.go:343.88,346.6 3 0
gitlab.eng.vmware.com/core-build/uhana_piran/controllers/localpv_controller.go:346.6,347.10 1 0
gitlab.eng.vmware.com/core-build/uhana_piran/controllers/localpv_controller.go:348.18,349.129 1 0
gitlab.eng.vmware.com/core-build/uhana_piran/controllers/localpv_controller.go:350.17,351.22 1 0
gitlab.eng.vmware.com/core-build/uhana_piran/controllers/localpv_controller.go:355.4,356.29 2 0
gitlab.eng.vmware.com/core-build/uhana_piran/controllers/localpv_controller.go:371.4,371.38 1 0
gitlab.eng.vmware.com/core-build/uhana_piran/controllers/localpv_controller.go:351.22,354.5 2 0
gitlab.eng.vmware.com/core-build/uhana_piran/controllers/localpv_controller.go:356.29,359.19 3 0
gitlab.eng.vmware.com/core-build/uhana_piran/controllers/localpv_controller.go:367.5,367.38 1 0
gitlab.eng.vmware.com/core-build/uhana_piran/controllers/localpv_controller.go:359.19,360.32 1 0
gitlab.eng.vmware.com/core-build/uhana_piran/controllers/localpv_controller.go:365.6,365.16 1 0
gitlab.eng.vmware.com/core-build/uhana_piran/controllers/localpv_controller.go:360.32,363.15 3 0
gitlab.eng.vmware.com/core-build/uhana_piran/controllers/localpv_controller.go:367.38,369.6 1 0
gitlab.eng.vmware.com/core-build/uhana_piran/controllers/localpv_controller.go:371.38,373.5 1 0
gitlab.eng.vmware.com/core-build/uhana_piran/controllers/localpv_controller.go:378.86,380.27 2 0
gitlab.eng.vmware.com/core-build/uhana_piran/controllers/localpv_controller.go:385.2,385.19 1 0
gitlab.eng.vmware.com/core-build/uhana_piran/controllers/localpv_controller.go:380.27,381.35 1 0
gitlab.eng.vmware.com/core-build/uhana_piran/controllers/localpv_controller.go:381.35,383.4 1 0
gitlab.eng.vmware.com/core-build/uhana_piran/controllers/localpv_controller.go:388.150,392.16 3 0
gitlab.eng.vmware.com/core-build/uhana_piran/controllers/localpv_controller.go:395.2,395.12 1 0
gitlab.eng.vmware.com/core-build/uhana_piran/controllers/localpv_controller.go:392.16,394.3 1 0
gitlab.eng.vmware.com/core-build/uhana_piran/controllers/localpv_controller.go:398.65,400.42 2 0
gitlab.eng.vmware.com/core-build/uhana_piran/controllers/localpv_controller.go:400.42,402.3 1 0
gitlab.eng.vmware.com/core-build/uhana_piran/controllers/localpv_controller.go:405.112,408.16 3 0
gitlab.eng.vmware.com/core-build/uhana_piran/controllers/localpv_controller.go:412.2,412.22 1 0
gitlab.eng.vmware.com/core-build/uhana_piran/controllers/localpv_controller.go:408.16,411.3 2 0
gitlab.eng.vmware.com/core-build/uhana_piran/controllers/localpv_controller.go:415.113,424.16 9 0
gitlab.eng.vmware.com/core-build/uhana_piran/controllers/localpv_controller.go:428.2,428.12 1 0
gitlab.eng.vmware.com/core-build/uhana_piran/controllers/localpv_controller.go:424.16,427.3 2 0
gitlab.eng.vmware.com/core-build/uhana_piran/controllers/localpv_controller.go:431.86,433.36 2 0
gitlab.eng.vmware.com/core-build/uhana_piran/controllers/localpv_controller.go:437.2,438.41 2 0
gitlab.eng.vmware.com/core-build/uhana_piran/controllers/localpv_controller.go:444.2,444.13 1 0
gitlab.eng.vmware.com/core-build/uhana_piran/controllers/localpv_controller.go:433.36,436.3 2 0
gitlab.eng.vmware.com/core-build/uhana_piran/controllers/localpv_controller.go:438.41,440.10 2 0
gitlab.eng.vmware.com/core-build/uhana_piran/controllers/localpv_controller.go:440.10,442.4 1 0
gitlab.eng.vmware.com/core-build/uhana_piran/controllers/localpv_controller.go:447.70,452.2 1 0
